Unity Editor version:    2022.3.5f1 (9674261d40ee)
Branch:                  2022.3/release
Build type:              Release
Batch mode:              YES
macOS version:           Version 14.2.1 (Build 23C71)
Darwin version:          23.2.0
Architecture:            arm64
Running under Rosetta:   NO
Available memory:        16384 MB
Using pre-set license
Pro License: YES

COMMAND LINE ARGUMENTS:
/Applications/Unity/Hub/Editor/2022.3.5f1/Unity.app/Contents/MacOS/Unity
-adb2
-batchMode
-noUpm
-name
AssetImportWorker4
-projectPath
/Users/josecarlosmartingalvez/Documents/GitHub/CarGame/CarGameProject
-logFile
Logs/AssetImportWorker4.log
-srvPort
56706
Successfully changed project path to: /Users/josecarlosmartingalvez/Documents/GitHub/CarGame/CarGameProject
/Users/josecarlosmartingalvez/Documents/GitHub/CarGame/CarGameProject
[UnityMemory] Configuration Parameters - Can be set up in boot.config
    "memorysetup-bucket-allocator-granularity=16"
    "memorysetup-bucket-allocator-bucket-count=8"
    "memorysetup-bucket-allocator-block-size=33554432"
    "memorysetup-bucket-allocator-block-count=8"
    "memorysetup-main-allocator-block-size=16777216"
    "memorysetup-thread-allocator-block-size=16777216"
    "memorysetup-gfx-main-allocator-block-size=16777216"
    "memorysetup-gfx-thread-allocator-block-size=16777216"
    "memorysetup-cache-allocator-block-size=4194304"
    "memorysetup-typetree-allocator-block-size=2097152"
    "memorysetup-profiler-bucket-allocator-granularity=16"
    "memorysetup-profiler-bucket-allocator-bucket-count=8"
    "memorysetup-profiler-bucket-allocator-block-size=33554432"
    "memorysetup-profiler-bucket-allocator-block-count=8"
    "memorysetup-profiler-allocator-block-size=16777216"
    "memorysetup-profiler-editor-allocator-block-size=1048576"
    "memorysetup-temp-allocator-size-main=16777216"
    "memorysetup-job-temp-allocator-block-size=2097152"
    "memorysetup-job-temp-allocator-block-size-background=1048576"
    "memorysetup-job-temp-allocator-reduction-small-platforms=262144"
    "memorysetup-allocator-temp-initial-block-size-main=262144"
    "memorysetup-allocator-temp-initial-block-size-worker=262144"
    "memorysetup-temp-allocator-size-background-worker=32768"
    "memorysetup-temp-allocator-size-job-worker=262144"
    "memorysetup-temp-allocator-size-preload-manager=33554432"
    "memorysetup-temp-allocator-size-nav-mesh-worker=65536"
    "memorysetup-temp-allocator-size-audio-worker=65536"
    "memorysetup-temp-allocator-size-cloud-worker=32768"
    "memorysetup-temp-allocator-size-gi-baking-worker=262144"
    "memorysetup-temp-allocator-size-gfx=262144"
Player connection [8097370112] Host "[IP] 192.168.1.36 [Port] 0 [Flags] 2 [Guid] 4184121130 [EditorId] 4184121130 [Version] 1048832 [Id] OSXEditor(0,MacBook-Pro-de-Jose.local) [Debug] 1 [PackageName] OSXEditor [ProjectName] Editor" joined multi-casting on [225.0.0.222:54997]...

Player connection [8097370112] Host "[IP] 192.168.1.36 [Port] 0 [Flags] 2 [Guid] 4184121130 [EditorId] 4184121130 [Version] 1048832 [Id] OSXEditor(0,MacBook-Pro-de-Jose.local) [Debug] 1 [PackageName] OSXEditor [ProjectName] Editor" joined alternative multi-casting on [225.0.0.222:34997]...

Refreshing native plugins compatible for Editor in 9.95 ms, found 2 plugins.
Preloading 0 native plugins for Editor in 0.00 ms.
Initialize engine version: 2022.3.5f1 (9674261d40ee)
[Subsystems] Discovering subsystems at path /Applications/Unity/Hub/Editor/2022.3.5f1/Unity.app/Contents/Resources/UnitySubsystems
[Subsystems] Discovering subsystems at path /Users/josecarlosmartingalvez/Documents/GitHub/CarGame/CarGameProject/Assets
GfxDevice: creating device client; threaded=0; jobified=0
 preferred device: Apple M2 Pro (high power)
Metal devices available: 1
0: Apple M2 Pro (high power)
Using device Apple M2 Pro (high power)
Initializing Metal device caps: Apple M2 Pro
Initialize mono
Mono path[0] = '/Applications/Unity/Hub/Editor/2022.3.5f1/Unity.app/Contents/Managed'
Mono path[1] = '/Applications/Unity/Hub/Editor/2022.3.5f1/Unity.app/Contents/MonoBleedingEdge/lib/mono/unityjit-macos'
Mono config path = '/Applications/Unity/Hub/Editor/2022.3.5f1/Unity.app/Contents/MonoBleedingEdge/etc'
Using monoOptions --debugger-agent=transport=dt_socket,embedding=1,server=y,suspend=n,address=127.0.0.1:56469
Begin MonoManager ReloadAssembly
Registering precompiled unity dll's ...
Register platform support module: /Applications/Unity/Hub/Editor/2022.3.5f1/PlaybackEngines/WebGLSupport/UnityEditor.WebGL.Extensions.dll
Register platform support module: /Applications/Unity/Hub/Editor/2022.3.5f1/Unity.app/Contents/PlaybackEngines/MacStandaloneSupport/UnityEditor.OSXStandalone.Extensions.dll
Register platform support module: /Applications/Unity/Hub/Editor/2022.3.5f1/PlaybackEngines/AndroidPlayer/UnityEditor.Android.Extensions.dll
Register platform support module: /Applications/Unity/Hub/Editor/2022.3.5f1/PlaybackEngines/iOSSupport/UnityEditor.iOS.Extensions.dll
Registered in 0.006113 seconds.
- Loaded All Assemblies, in  0.248 seconds
[usbmuxd] Start listen thread
[usbmuxd] Listen thread started
[usbmuxd] Send listen message
Native extension for iOS target not found
Native extension for Android target not found
Android Extension - Scanning For ADB Devices 181 ms
Native extension for OSXStandalone target not found
Native extension for WebGL target not found
Mono: successfully reloaded assembly
- Finished resetting the current domain, in  0.532 seconds
Domain Reload Profiling: 780ms
	BeginReloadAssembly (81ms)
		ExecutionOrderSort (0ms)
		DisableScriptedObjects (0ms)
		BackupInstance (0ms)
		ReleaseScriptingObjects (0ms)
		CreateAndSetChildDomain (0ms)
	RebuildCommonClasses (22ms)
	RebuildNativeTypeToScriptingClass (8ms)
	initialDomainReloadingComplete (34ms)
	LoadAllAssembliesAndSetupDomain (104ms)
		LoadAssemblies (81ms)
		RebuildTransferFunctionScriptingTraits (0ms)
		AnalyzeDomain (102ms)
			TypeCache.Refresh (101ms)
				TypeCache.ScanAssembly (89ms)
			ScanForSourceGeneratedMonoScriptInfo (0ms)
			ResolveRequiredComponents (0ms)
	FinalizeReload (532ms)
		ReleaseScriptCaches (0ms)
		RebuildScriptCaches (0ms)
		SetupLoadedEditorAssemblies (495ms)
			LogAssemblyErrors (0ms)
			InitializePlatformSupportModulesInManaged (420ms)
			SetLoadedEditorAssemblies (3ms)
			RefreshPlugins (0ms)
			BeforeProcessingInitializeOnLoad (1ms)
			ProcessInitializeOnLoadAttributes (48ms)
			ProcessInitializeOnLoadMethodAttributes (23ms)
			AfterProcessingInitializeOnLoad (0ms)
			EditorAssembliesLoaded (0ms)
		ExecutionOrderSort2 (0ms)
		AwakeInstancesAfterBackupRestoration (0ms)
========================================================================
Worker process is ready to serve import requests
Begin MonoManager ReloadAssembly
Symbol file LoadedFromMemory doesn't match image /Users/josecarlosmartingalvez/Documents/GitHub/CarGame/CarGameProject/Library/PackageCache/com.unity.visualscripting@1.8.0/Editor/VisualScripting.Core/Dependencies/YamlDotNet/Unity.VisualScripting.YamlDotNet.dll
Symbol file LoadedFromMemory doesn't match image /Users/josecarlosmartingalvez/Documents/GitHub/CarGame/CarGameProject/Library/PackageCache/com.unity.visualscripting@1.8.0/Editor/VisualScripting.Core/Dependencies/DotNetZip/Unity.VisualScripting.IonicZip.dll
- Loaded All Assemblies, in  0.488 seconds
Refreshing native plugins compatible for Editor in 0.67 ms, found 2 plugins.
Native extension for iOS target not found
Native extension for Android target not found
Native extension for OSXStandalone target not found
Native extension for WebGL target not found
Package Manager log level set to [2]
[Package Manager] Server::EnsureServerProcessIsRunning -- launch failed, reason: Unity was launched with the -noUpm command-line argument
[Package Manager] UpmClient::Send -- Unable to send message (not connected to UPM process).
[Package Manager] Cannot connect to Unity Package Manager local server
Mono: successfully reloaded assembly
- Finished resetting the current domain, in  0.346 seconds
Domain Reload Profiling: 835ms
	BeginReloadAssembly (76ms)
		ExecutionOrderSort (0ms)
		DisableScriptedObjects (3ms)
		BackupInstance (0ms)
		ReleaseScriptingObjects (0ms)
		CreateAndSetChildDomain (18ms)
	RebuildCommonClasses (25ms)
	RebuildNativeTypeToScriptingClass (8ms)
	initialDomainReloadingComplete (25ms)
	LoadAllAssembliesAndSetupDomain (353ms)
		LoadAssemblies (187ms)
		RebuildTransferFunctionScriptingTraits (0ms)
		AnalyzeDomain (199ms)
			TypeCache.Refresh (190ms)
				TypeCache.ScanAssembly (179ms)
			ScanForSourceGeneratedMonoScriptInfo (7ms)
			ResolveRequiredComponents (3ms)
	FinalizeReload (346ms)
		ReleaseScriptCaches (0ms)
		RebuildScriptCaches (0ms)
		SetupLoadedEditorAssemblies (246ms)
			LogAssemblyErrors (0ms)
			InitializePlatformSupportModulesInManaged (20ms)
			SetLoadedEditorAssemblies (2ms)
			RefreshPlugins (0ms)
			BeforeProcessingInitializeOnLoad (39ms)
			ProcessInitializeOnLoadAttributes (174ms)
			ProcessInitializeOnLoadMethodAttributes (10ms)
			AfterProcessingInitializeOnLoad (1ms)
			EditorAssembliesLoaded (0ms)
		ExecutionOrderSort2 (0ms)
		AwakeInstancesAfterBackupRestoration (2ms)
Launching external process: /Applications/Unity/Hub/Editor/2022.3.5f1/Unity.app/Contents/Tools/UnityShaderCompiler
Launched and connected shader compiler UnityShaderCompiler after 0.06 seconds
Refreshing native plugins compatible for Editor in 0.73 ms, found 2 plugins.
Preloading 0 native plugins for Editor in 0.00 ms.
Unloading 3103 Unused Serialized files (Serialized files now loaded: 0)
Unloading 31 unused Assets / (50.9 KB). Loaded Objects now: 3572.
Memory consumption went from 135.7 MB to 135.6 MB.
Total: 2.190000 ms (FindLiveObjects: 0.094458 ms CreateObjectMapping: 0.046667 ms MarkObjects: 1.969875 ms  DeleteObjects: 0.078625 ms)

AssetImportParameters requested are different than current active one (requested -> active):
  custom:container-demuxer-ogg: 62fdf1f143b41e24485cea50d1cbac27 -> 
  custom:video-decoder-ogg-theora: a1e56fd34408186e4bbccfd4996cb3dc -> 
  custom:CustomObjectIndexerAttribute: 756ad292c208cfabdd7b50bc23989ffe -> 
  custom:container-demuxer-webm: 4f35f7cbe854078d1ac9338744f61a02 -> 
  custom:container-muxer-webm: aa71ff27fc2769a1b78a27578f13a17b -> 
  custom:video-decoder-webm-vp8: 9c59270c3fd7afecdb556c50c9e8de78 -> 
  custom:AudioImporter_EditorPlatform: 3918e3fc78b5a79bad01e8451be0beb8 -> 
  custom:framework-osx-AVFoundation: e770b220cccbd017edd2c1fefb359320 -> 
  custom:video-encoder-webm-vp8: eb34c28f22e8b96e1ab97ce403110664 -> 
  custom:audio-decoder-ogg-vorbis: bf7c407c2cedff20999df2af8eb42d56 -> 
  custom:audio-encoder-webm-vorbis: bf7c407c2cedff20999df2af8eb42d56 -> 
========================================================================
Received Import Request.
  Time since last request: 738625.436153 seconds.
  path: Assets/Textures/sofa_DefaultMaterial_BaseColor.png
  artifactKey: Guid(2b1cf20ddd0064b44b505b29d0e1f2eb) Importer(2089858483,0ecaa5967403d082aa24f35e1b516d23)
Start importing Assets/Textures/sofa_DefaultMaterial_BaseColor.png using Guid(2b1cf20ddd0064b44b505b29d0e1f2eb) Importer(2089858483,0ecaa5967403d082aa24f35e1b516d23)  -> (artifact id: '8122901a8042ed3215d9dbd8a9c5392d') in 0.073317 seconds
Number of updated asset objects reloaded before import = 0
Number of asset objects unloaded after import = 1
========================================================================
Received Import Request.
  Time since last request: 0.000110 seconds.
  path: Assets/Scenary/Props/sm_reloj_grande.FBX
  artifactKey: Guid(cfb4c812215f84109af2adff740cdfb6) Importer(2089858483,0ecaa5967403d082aa24f35e1b516d23)
Start importing Assets/Scenary/Props/sm_reloj_grande.FBX using Guid(cfb4c812215f84109af2adff740cdfb6) Importer(2089858483,0ecaa5967403d082aa24f35e1b516d23)  -> (artifact id: '04091ce4b10d666272ee906a70544059') in 0.025993 seconds
Number of updated asset objects reloaded before import = 0
Number of asset objects unloaded after import = 7
========================================================================
Received Import Request.
  Time since last request: 0.000083 seconds.
  path: Assets/Models/sm_mesa_tv.fbx
  artifactKey: Guid(023d6a384e427374782b2e35d4695694) Importer(2089858483,0ecaa5967403d082aa24f35e1b516d23)
Start importing Assets/Models/sm_mesa_tv.fbx using Guid(023d6a384e427374782b2e35d4695694) Importer(2089858483,0ecaa5967403d082aa24f35e1b516d23)  -> (artifact id: '25d8f50ea897d5601af97a9b533aa443') in 0.013801 seconds
Number of updated asset objects reloaded before import = 0
Number of asset objects unloaded after import = 8
========================================================================
Received Import Request.
  Time since last request: 0.000156 seconds.
  path: Assets/Materials/pista.mat
  artifactKey: Guid(3df9b7787e8c0bd4d98e1493b02c4f08) Importer(2089858483,0ecaa5967403d082aa24f35e1b516d23)
Start importing Assets/Materials/pista.mat using Guid(3df9b7787e8c0bd4d98e1493b02c4f08) Importer(2089858483,0ecaa5967403d082aa24f35e1b516d23)  -> (artifact id: '856673f567abc8ab2e24e8039424b08a') in 0.011032 seconds
Number of updated asset objects reloaded before import = 0
Number of asset objects unloaded after import = 2
========================================================================
Received Import Request.
  Time since last request: 0.000127 seconds.
  path: Assets/Materials/Sofa.mat
  artifactKey: Guid(3dd9c60b8e4e78d4cb125969e162f160) Importer(2089858483,0ecaa5967403d082aa24f35e1b516d23)
Start importing Assets/Materials/Sofa.mat using Guid(3dd9c60b8e4e78d4cb125969e162f160) Importer(2089858483,0ecaa5967403d082aa24f35e1b516d23)  -> (artifact id: '0d79896268f2635ea24518d8db7ca02b') in 0.004122 seconds
Number of updated asset objects reloaded before import = 0
Number of asset objects unloaded after import = 2
========================================================================
Received Import Request.
  Time since last request: 0.000088 seconds.
  path: Assets/Models/sm_lampara.FBX
  artifactKey: Guid(40bf18e153ad95c489430300b43f1af1) Importer(2089858483,0ecaa5967403d082aa24f35e1b516d23)
Start importing Assets/Models/sm_lampara.FBX using Guid(40bf18e153ad95c489430300b43f1af1) Importer(2089858483,0ecaa5967403d082aa24f35e1b516d23)  -> (artifact id: '5f7ef182aa931bf1917db08eed77366b') in 0.009166 seconds
Number of updated asset objects reloaded before import = 0
Number of asset objects unloaded after import = 7
========================================================================
Received Import Request.
  Time since last request: 0.000107 seconds.
  path: Assets/TextMesh Pro/Shaders/TMP_SDF-Mobile Overlay.shader
  artifactKey: Guid(a02a7d8c237544f1962732b55a9aebf1) Importer(2089858483,0ecaa5967403d082aa24f35e1b516d23)
Start importing Assets/TextMesh Pro/Shaders/TMP_SDF-Mobile Overlay.shader using Guid(a02a7d8c237544f1962732b55a9aebf1) Importer(2089858483,0ecaa5967403d082aa24f35e1b516d23)  -> (artifact id: '8414fe1f52d430fdfdb0045a9263fbee') in 0.006245 seconds
Number of updated asset objects reloaded before import = 0
Number of asset objects unloaded after import = 1
========================================================================
Received Import Request.
  Time since last request: 0.000101 seconds.
  path: Assets/Materials/New Material 3.mat
  artifactKey: Guid(6f6b143b813055c49a284d377b3e7a25) Importer(2089858483,0ecaa5967403d082aa24f35e1b516d23)
Start importing Assets/Materials/New Material 3.mat using Guid(6f6b143b813055c49a284d377b3e7a25) Importer(2089858483,0ecaa5967403d082aa24f35e1b516d23)  -> (artifact id: '54fa883bd6552c8fc8802d9c85b6ca9b') in 0.002602 seconds
Number of updated asset objects reloaded before import = 0
Number of asset objects unloaded after import = 1
========================================================================
Received Import Request.
  Time since last request: 0.000095 seconds.
  path: Assets/UI/right.png
  artifactKey: Guid(524f0c21e08a9334eb3b8341de9f6270) Importer(2089858483,0ecaa5967403d082aa24f35e1b516d23)
Start importing Assets/UI/right.png using Guid(524f0c21e08a9334eb3b8341de9f6270) Importer(2089858483,0ecaa5967403d082aa24f35e1b516d23)  -> (artifact id: '5ffdeecb48082cdad3a5bc98fe36cc98') in 0.014917 seconds
Number of updated asset objects reloaded before import = 0
Number of asset objects unloaded after import = 3
========================================================================
Received Import Request.
  Time since last request: 0.000094 seconds.
  path: Assets/Scripts/CameraFollow.cs
  artifactKey: Guid(6771c69ff74c94f79bf215957a776de9) Importer(2089858483,0ecaa5967403d082aa24f35e1b516d23)
Start importing Assets/Scripts/CameraFollow.cs using Guid(6771c69ff74c94f79bf215957a776de9) Importer(2089858483,0ecaa5967403d082aa24f35e1b516d23)  -> (artifact id: 'a9d546b46c9c16771c2abb00e6670088') in 0.001946 seconds
Number of updated asset objects reloaded before import = 0
Number of asset objects unloaded after import = 1
========================================================================
Received Import Request.
  Time since last request: 0.000111 seconds.
  path: Assets/Scripts/CheckpointTrigger.cs
  artifactKey: Guid(7197c23ab065c4fea887c29377434235) Importer(2089858483,0ecaa5967403d082aa24f35e1b516d23)
Start importing Assets/Scripts/CheckpointTrigger.cs using Guid(7197c23ab065c4fea887c29377434235) Importer(2089858483,0ecaa5967403d082aa24f35e1b516d23)  -> (artifact id: '1bd52bd145b7319bfbdf618f73f3567e') in 0.002387 seconds
Number of updated asset objects reloaded before import = 0
Number of asset objects unloaded after import = 1
========================================================================
Received Import Request.
  Time since last request: 0.000107 seconds.
  path: Assets/Scenary/Props/sm_maderas_jardin.FBX
  artifactKey: Guid(0409add46b62b41c48bd8d466f1b6ac7) Importer(2089858483,0ecaa5967403d082aa24f35e1b516d23)
Start importing Assets/Scenary/Props/sm_maderas_jardin.FBX using Guid(0409add46b62b41c48bd8d466f1b6ac7) Importer(2089858483,0ecaa5967403d082aa24f35e1b516d23)  -> (artifact id: '90c4b0c8c88e6e272df51cf4224af3f8') in 0.013602 seconds
Number of updated asset objects reloaded before import = 0
Number of asset objects unloaded after import = 39
========================================================================
Received Import Request.
  Time since last request: 0.000202 seconds.
  path: Assets/Models/pista.fbx
  artifactKey: Guid(0d7e88b52627f064ebb5eaa97806d2de) Importer(2089858483,0ecaa5967403d082aa24f35e1b516d23)
Start importing Assets/Models/pista.fbx using Guid(0d7e88b52627f064ebb5eaa97806d2de) Importer(2089858483,0ecaa5967403d082aa24f35e1b516d23)  -> (artifact id: '98c0e596a0548daf3f81202189412b91') in 0.050416 seconds
Number of updated asset objects reloaded before import = 0
Number of asset objects unloaded after import = 270
========================================================================
Received Import Request.
  Time since last request: 0.000044 seconds.
  path: Assets/Scenary/Props/sm_valla_puerta.FBX
  artifactKey: Guid(1f207347dc0f64125aee5bfd87b63402) Importer(2089858483,0ecaa5967403d082aa24f35e1b516d23)
Start importing Assets/Scenary/Props/sm_valla_puerta.FBX using Guid(1f207347dc0f64125aee5bfd87b63402) Importer(2089858483,0ecaa5967403d082aa24f35e1b516d23)  -> (artifact id: '5453a8183a3f1e51a59ff96981b6355e') in 0.010025 seconds
Number of updated asset objects reloaded before import = 0
Number of asset objects unloaded after import = 7
========================================================================
Received Import Request.
  Time since last request: 0.000076 seconds.
  path: Assets/Materials/New Material 2.mat
  artifactKey: Guid(7b6ed258b2754244b9819fc434170bd6) Importer(2089858483,0ecaa5967403d082aa24f35e1b516d23)
Start importing Assets/Materials/New Material 2.mat using Guid(7b6ed258b2754244b9819fc434170bd6) Importer(2089858483,0ecaa5967403d082aa24f35e1b516d23)  -> (artifact id: 'f98af8e66b4498b5ab4cbcf7f6c88e79') in 0.002793 seconds
Number of updated asset objects reloaded before import = 0
Number of asset objects unloaded after import = 1
========================================================================
Received Import Request.
  Time since last request: 0.000095 seconds.
  path: Assets/Models/tunel.FBX
  artifactKey: Guid(af5458f720c03f6499b15c2d3618dbc9) Importer(2089858483,0ecaa5967403d082aa24f35e1b516d23)
Start importing Assets/Models/tunel.FBX using Guid(af5458f720c03f6499b15c2d3618dbc9) Importer(2089858483,0ecaa5967403d082aa24f35e1b516d23)  -> (artifact id: '7dcf33f117d356b49ce1d098882015ad') in 0.010865 seconds
Number of updated asset objects reloaded before import = 0
Number of asset objects unloaded after import = 8
========================================================================
Received Import Request.
  Time since last request: 0.000040 seconds.
  path: Assets/UI/lose menu.png
  artifactKey: Guid(84b5dfa7053a846469f4aa051395fbb4) Importer(2089858483,0ecaa5967403d082aa24f35e1b516d23)
Start importing Assets/UI/lose menu.png using Guid(84b5dfa7053a846469f4aa051395fbb4) Importer(2089858483,0ecaa5967403d082aa24f35e1b516d23)  -> (artifact id: 'af6d6709072dc01b62f4394052cce7f3') in 0.016058 seconds
Number of updated asset objects reloaded before import = 0
Number of asset objects unloaded after import = 3
========================================================================
Received Import Request.
  Time since last request: 0.000067 seconds.
  path: Assets/Materials/New Material 8.mat
  artifactKey: Guid(32f2ef1df47c11b43a6b594ead7fbe57) Importer(2089858483,0ecaa5967403d082aa24f35e1b516d23)
Start importing Assets/Materials/New Material 8.mat using Guid(32f2ef1df47c11b43a6b594ead7fbe57) Importer(2089858483,0ecaa5967403d082aa24f35e1b516d23)  -> (artifact id: '35d1817cdc46d095e5a296ded41abfef') in 0.003231 seconds
Number of updated asset objects reloaded before import = 0
Number of asset objects unloaded after import = 1
========================================================================
Received Import Request.
  Time since last request: 0.000066 seconds.
  path: Assets/Models/CarMeshModel.prefab
  artifactKey: Guid(df08bd9bca96941b6aebbc514274dfbe) Importer(2089858483,0ecaa5967403d082aa24f35e1b516d23)
Start importing Assets/Models/CarMeshModel.prefab using Guid(df08bd9bca96941b6aebbc514274dfbe) Importer(2089858483,0ecaa5967403d082aa24f35e1b516d23)  -> (artifact id: 'e4c2dd071291c112dd8e7be4396b3efa') in 0.005179 seconds
Number of updated asset objects reloaded before import = 0
Number of asset objects unloaded after import = 7
========================================================================
Received Import Request.
  Time since last request: 0.000037 seconds.
  path: Assets/TextMesh Pro/Shaders/TMP_Bitmap.shader
  artifactKey: Guid(128e987d567d4e2c824d754223b3f3b0) Importer(2089858483,0ecaa5967403d082aa24f35e1b516d23)
Start importing Assets/TextMesh Pro/Shaders/TMP_Bitmap.shader using Guid(128e987d567d4e2c824d754223b3f3b0) Importer(2089858483,0ecaa5967403d082aa24f35e1b516d23)  -> (artifact id: '6d9734863d0ea388e64af337c6761b08') in 0.002509 seconds
Number of updated asset objects reloaded before import = 0
Number of asset objects unloaded after import = 1
========================================================================
Received Import Request.
  Time since last request: 0.000058 seconds.
  path: Assets/Scenary/Props/sm_pared.FBX
  artifactKey: Guid(db0046603c945455aa029070cc38cb0a) Importer(2089858483,0ecaa5967403d082aa24f35e1b516d23)
Start importing Assets/Scenary/Props/sm_pared.FBX using Guid(db0046603c945455aa029070cc38cb0a) Importer(2089858483,0ecaa5967403d082aa24f35e1b516d23)  -> (artifact id: '6ff7fcf2543fb882f9a1dc060154a314') in 0.008544 seconds
Number of updated asset objects reloaded before import = 0
Number of asset objects unloaded after import = 7
========================================================================
Received Import Request.
  Time since last request: 0.000051 seconds.
  path: Assets/TextMesh Pro/Shaders/TMP_SDF Overlay.shader
  artifactKey: Guid(dd89cf5b9246416f84610a006f916af7) Importer(2089858483,0ecaa5967403d082aa24f35e1b516d23)
Start importing Assets/TextMesh Pro/Shaders/TMP_SDF Overlay.shader using Guid(dd89cf5b9246416f84610a006f916af7) Importer(2089858483,0ecaa5967403d082aa24f35e1b516d23)  -> (artifact id: 'cb5770823944294b5f877253f1eea554') in 0.003515 seconds
Number of updated asset objects reloaded before import = 0
Number of asset objects unloaded after import = 1
========================================================================
Received Import Request.
  Time since last request: 0.000066 seconds.
  path: Assets/TextMesh Pro/Shaders/TMP_SDF-Mobile.shader
  artifactKey: Guid(fe393ace9b354375a9cb14cdbbc28be4) Importer(2089858483,0ecaa5967403d082aa24f35e1b516d23)
Start importing Assets/TextMesh Pro/Shaders/TMP_SDF-Mobile.shader using Guid(fe393ace9b354375a9cb14cdbbc28be4) Importer(2089858483,0ecaa5967403d082aa24f35e1b516d23)  -> (artifact id: '1e6b34ef1afea8f0abd6ac1bfd04a76a') in 0.003564 seconds
Number of updated asset objects reloaded before import = 0
Number of asset objects unloaded after import = 1
========================================================================
Received Import Request.
  Time since last request: 0.000064 seconds.
  path: Assets/Textures/Material _2_BC_Op.png
  artifactKey: Guid(a943957bf1b494746868abe8a15fdf19) Importer(2089858483,0ecaa5967403d082aa24f35e1b516d23)
Start importing Assets/Textures/Material _2_BC_Op.png using Guid(a943957bf1b494746868abe8a15fdf19) Importer(2089858483,0ecaa5967403d082aa24f35e1b516d23)  -> (artifact id: '5a4b8f353dbd51899e181a2c797b1821') in 0.008959 seconds
Number of updated asset objects reloaded before import = 0
Number of asset objects unloaded after import = 1
========================================================================
Received Import Request.
  Time since last request: 0.000059 seconds.
  path: Assets/TextMesh Pro/Shaders/TMP_SDF SSD.shader
  artifactKey: Guid(14eb328de4b8eb245bb7cea29e4ac00b) Importer(2089858483,0ecaa5967403d082aa24f35e1b516d23)
Start importing Assets/TextMesh Pro/Shaders/TMP_SDF SSD.shader using Guid(14eb328de4b8eb245bb7cea29e4ac00b) Importer(2089858483,0ecaa5967403d082aa24f35e1b516d23)  -> (artifact id: '57a3df438aba2502cdb77382267f0889') in 0.003661 seconds
Number of updated asset objects reloaded before import = 0
Number of asset objects unloaded after import = 1
========================================================================
Received Import Request.
  Time since last request: 0.000110 seconds.
  path: Assets/Models/sofa.FBX
  artifactKey: Guid(013e2a4415d01f342b666682d67eaf90) Importer(2089858483,0ecaa5967403d082aa24f35e1b516d23)
Start importing Assets/Models/sofa.FBX using Guid(013e2a4415d01f342b666682d67eaf90) Importer(2089858483,0ecaa5967403d082aa24f35e1b516d23)  -> (artifact id: 'a0fa022afdafc67d4b1b5a8afe103b5e') in 0.011413 seconds
Number of updated asset objects reloaded before import = 0
Number of asset objects unloaded after import = 8
========================================================================
Received Import Request.
  Time since last request: 0.000052 seconds.
  path: Assets/Materials/lampara.mat
  artifactKey: Guid(2d1a744421d4e0f46aa2d9c6fedc7981) Importer(2089858483,0ecaa5967403d082aa24f35e1b516d23)
Start importing Assets/Materials/lampara.mat using Guid(2d1a744421d4e0f46aa2d9c6fedc7981) Importer(2089858483,0ecaa5967403d082aa24f35e1b516d23)  -> (artifact id: 'f39dfb70fd9e0676d5c5f45de3844ac0') in 0.003486 seconds
Number of updated asset objects reloaded before import = 0
Number of asset objects unloaded after import = 2
========================================================================
Received Import Request.
  Time since last request: 0.000079 seconds.
  path: Assets/Scenary/Txt_Cubo/cubo.fbx
  artifactKey: Guid(ca45efe5679f5493c8afda31fbb636ff) Importer(2089858483,0ecaa5967403d082aa24f35e1b516d23)
Start importing Assets/Scenary/Txt_Cubo/cubo.fbx using Guid(ca45efe5679f5493c8afda31fbb636ff) Importer(2089858483,0ecaa5967403d082aa24f35e1b516d23)  -> (artifact id: '49884ee68586b56dd65858e742a8f4a5') in 0.010706 seconds
Number of updated asset objects reloaded before import = 0
Number of asset objects unloaded after import = 8
========================================================================
Received Import Request.
  Time since last request: 0.000072 seconds.
  path: Assets/Materials/New Material 4.mat
  artifactKey: Guid(e51e82b7a4870c244b96f324daae6d58) Importer(2089858483,0ecaa5967403d082aa24f35e1b516d23)
Start importing Assets/Materials/New Material 4.mat using Guid(e51e82b7a4870c244b96f324daae6d58) Importer(2089858483,0ecaa5967403d082aa24f35e1b516d23)  -> (artifact id: 'fa5e94b87e0f6a496e0dc5a113e4ca5d') in 0.002374 seconds
Number of updated asset objects reloaded before import = 0
Number of asset objects unloaded after import = 1
========================================================================
Received Import Request.
  Time since last request: 0.000081 seconds.
  path: Assets/Materials/New Material 7.mat
  artifactKey: Guid(2c287c31038d1a040b7d057d7b0ea6f4) Importer(2089858483,0ecaa5967403d082aa24f35e1b516d23)
Start importing Assets/Materials/New Material 7.mat using Guid(2c287c31038d1a040b7d057d7b0ea6f4) Importer(2089858483,0ecaa5967403d082aa24f35e1b516d23)  -> (artifact id: '22152f5c1d8ce77d3257ae532320551d') in 0.004096 seconds
Number of updated asset objects reloaded before import = 0
Number of asset objects unloaded after import = 2
========================================================================
Received Import Request.
  Time since last request: 0.000061 seconds.
  path: Assets/Models/Wheel.fbx
  artifactKey: Guid(0bd9f28b45d1f4f6881fdd3ea29503dc) Importer(2089858483,0ecaa5967403d082aa24f35e1b516d23)
Start importing Assets/Models/Wheel.fbx using Guid(0bd9f28b45d1f4f6881fdd3ea29503dc) Importer(2089858483,0ecaa5967403d082aa24f35e1b516d23)  -> (artifact id: '1451936f74aac5c5a1a99698e04b7e47') in 0.025242 seconds
Number of updated asset objects reloaded before import = 0
Number of asset objects unloaded after import = 27
========================================================================
Received Import Request.
  Time since last request: 0.000089 seconds.
  path: Assets/Scripts/WinTrigger.cs
  artifactKey: Guid(ec44546685c4d4a0280552c1b6295b27) Importer(2089858483,0ecaa5967403d082aa24f35e1b516d23)
Start importing Assets/Scripts/WinTrigger.cs using Guid(ec44546685c4d4a0280552c1b6295b27) Importer(2089858483,0ecaa5967403d082aa24f35e1b516d23)  -> (artifact id: '1040c0acd77c981f64af2c403828ccf0') in 0.001475 seconds
Number of updated asset objects reloaded before import = 0
Number of asset objects unloaded after import = 1
========================================================================
Received Import Request.
  Time since last request: 0.000075 seconds.
  path: Assets/Sounds/CarEngineSound.mp3
  artifactKey: Guid(5df282dc732d4471b995bdc2a4631cbb) Importer(2089858483,0ecaa5967403d082aa24f35e1b516d23)
Start importing Assets/Sounds/CarEngineSound.mp3 using Guid(5df282dc732d4471b995bdc2a4631cbb) Importer(2089858483,0ecaa5967403d082aa24f35e1b516d23)  -> (artifact id: '6614b0d2a3a9fa7b56949b03b95f0e10') in 0.022357 seconds
Number of updated asset objects reloaded before import = 0
Number of asset objects unloaded after import = 1
========================================================================
Received Import Request.
  Time since last request: 0.000075 seconds.
  path: Assets/Models/book.fbx
  artifactKey: Guid(2ded3c5e71e7d464fa1aada1e298276a) Importer(2089858483,0ecaa5967403d082aa24f35e1b516d23)
Start importing Assets/Models/book.fbx using Guid(2ded3c5e71e7d464fa1aada1e298276a) Importer(2089858483,0ecaa5967403d082aa24f35e1b516d23)  -> (artifact id: '8702a153b171a135bb2b62b68f425173') in 0.011968 seconds
Number of updated asset objects reloaded before import = 0
Number of asset objects unloaded after import = 16
========================================================================
Received Import Request.
  Time since last request: 0.000051 seconds.
  path: Assets/UI/left.png
  artifactKey: Guid(f399f50d9659f8241b0bc70c300f5a54) Importer(2089858483,0ecaa5967403d082aa24f35e1b516d23)
Start importing Assets/UI/left.png using Guid(f399f50d9659f8241b0bc70c300f5a54) Importer(2089858483,0ecaa5967403d082aa24f35e1b516d23)  -> (artifact id: '511d0709b9fbf1da160fc0741e480785') in 0.012369 seconds
Number of updated asset objects reloaded before import = 0
Number of asset objects unloaded after import = 3
========================================================================
Received Import Request.
  Time since last request: 0.000078 seconds.
  path: Assets/Scenary/Props/sm_puerta_cristal.FBX
  artifactKey: Guid(da1f75ec1a0f543f49d04f414dbe25f5) Importer(2089858483,0ecaa5967403d082aa24f35e1b516d23)
Start importing Assets/Scenary/Props/sm_puerta_cristal.FBX using Guid(da1f75ec1a0f543f49d04f414dbe25f5) Importer(2089858483,0ecaa5967403d082aa24f35e1b516d23)  -> (artifact id: '7f06db7bd4b8a590561a7a5af76b26e5') in 0.009490 seconds
Number of updated asset objects reloaded before import = 0
Number of asset objects unloaded after import = 7
========================================================================
Received Import Request.
  Time since last request: 0.000115 seconds.
  path: Assets/Models/habitacion.fbx
  artifactKey: Guid(09b230ae6332891449448d4ae2895288) Importer(2089858483,0ecaa5967403d082aa24f35e1b516d23)
Start importing Assets/Models/habitacion.fbx using Guid(09b230ae6332891449448d4ae2895288) Importer(2089858483,0ecaa5967403d082aa24f35e1b516d23)  -> (artifact id: 'aff1b77255ec34817f93c4f59136702c') in 0.008601 seconds
Number of updated asset objects reloaded before import = 0
Number of asset objects unloaded after import = 7
========================================================================
Received Import Request.
  Time since last request: 0.000083 seconds.
  path: Assets/Player 1.prefab
  artifactKey: Guid(3846fcf13f7ee4ff88b51cf2b96586c6) Importer(2089858483,0ecaa5967403d082aa24f35e1b516d23)
Start importing Assets/Player 1.prefab using Guid(3846fcf13f7ee4ff88b51cf2b96586c6) Importer(2089858483,0ecaa5967403d082aa24f35e1b516d23)  -> (artifact id: '21c4e8f453cd6d92d610e6d86eee27a2') in 0.011223 seconds
Number of updated asset objects reloaded before import = 0
Number of asset objects unloaded after import = 47
========================================================================
Received Import Request.
  Time since last request: 0.000061 seconds.
  path: Assets/TextMesh Pro/Shaders/TMP_SDF-Surface.shader
  artifactKey: Guid(f7ada0af4f174f0694ca6a487b8f543d) Importer(2089858483,0ecaa5967403d082aa24f35e1b516d23)
Start importing Assets/TextMesh Pro/Shaders/TMP_SDF-Surface.shader using Guid(f7ada0af4f174f0694ca6a487b8f543d) Importer(2089858483,0ecaa5967403d082aa24f35e1b516d23)  -> (artifact id: '4b2a928f1bcf64d2c9123ea918e504eb') in 0.003941 seconds
Number of updated asset objects reloaded before import = 0
Number of asset objects unloaded after import = 1
========================================================================
Received Import Request.
  Time since last request: 0.000097 seconds.
  path: Assets/Models/sm_Reloj_pendulo.FBX
  artifactKey: Guid(393687a14743c2d499bce0c20f0f92da) Importer(2089858483,0ecaa5967403d082aa24f35e1b516d23)
Start importing Assets/Models/sm_Reloj_pendulo.FBX using Guid(393687a14743c2d499bce0c20f0f92da) Importer(2089858483,0ecaa5967403d082aa24f35e1b516d23)  -> (artifact id: '8064412b831b4f92b8cf3c61c85aad07') in 0.010381 seconds
Number of updated asset objects reloaded before import = 0
Number of asset objects unloaded after import = 8
========================================================================
Received Import Request.
  Time since last request: 0.000074 seconds.
  path: Assets/Materials/New Material 6.mat
  artifactKey: Guid(6fb18d6bb6662594699966920e5b0f03) Importer(2089858483,0ecaa5967403d082aa24f35e1b516d23)
Start importing Assets/Materials/New Material 6.mat using Guid(6fb18d6bb6662594699966920e5b0f03) Importer(2089858483,0ecaa5967403d082aa24f35e1b516d23)  -> (artifact id: '0cefdf1278cd20023784d69ba5942ded') in 0.002590 seconds
Number of updated asset objects reloaded before import = 0
Number of asset objects unloaded after import = 1
========================================================================
Received Import Request.
  Time since last request: 0.000097 seconds.
  path: Assets/TextMesh Pro/Fonts/LiberationSans - OFL.txt
  artifactKey: Guid(6e59c59b81ab47f9b6ec5781fa725d2c) Importer(2089858483,0ecaa5967403d082aa24f35e1b516d23)
Start importing Assets/TextMesh Pro/Fonts/LiberationSans - OFL.txt using Guid(6e59c59b81ab47f9b6ec5781fa725d2c) Importer(2089858483,0ecaa5967403d082aa24f35e1b516d23)  -> (artifact id: '1ae87c34e581c1738b5ba76015864fa0') in 0.001468 seconds
Number of updated asset objects reloaded before import = 0
Number of asset objects unloaded after import = 1
========================================================================
Received Import Request.
  Time since last request: 0.000086 seconds.
  path: Assets/Scripts/CarScript.cs
  artifactKey: Guid(2c6597edbd49743d7843538bde6f4d01) Importer(2089858483,0ecaa5967403d082aa24f35e1b516d23)
Start importing Assets/Scripts/CarScript.cs using Guid(2c6597edbd49743d7843538bde6f4d01) Importer(2089858483,0ecaa5967403d082aa24f35e1b516d23)  -> (artifact id: 'd4d695b70f5adfcd55c661157c17bbd0') in 0.001376 seconds
Number of updated asset objects reloaded before import = 0
Number of asset objects unloaded after import = 1
========================================================================
Received Import Request.
  Time since last request: 0.000066 seconds.
  path: Assets/TextMesh Pro/Shaders/TMP_SDF.shader
  artifactKey: Guid(68e6db2ebdc24f95958faec2be5558d6) Importer(2089858483,0ecaa5967403d082aa24f35e1b516d23)
Start importing Assets/TextMesh Pro/Shaders/TMP_SDF.shader using Guid(68e6db2ebdc24f95958faec2be5558d6) Importer(2089858483,0ecaa5967403d082aa24f35e1b516d23)  -> (artifact id: 'ffffa04baa08e6dec5245da18f6acc11') in 0.004988 seconds
Number of updated asset objects reloaded before import = 0
Number of asset objects unloaded after import = 1
========================================================================
Received Import Request.
  Time since last request: 0.000094 seconds.
  path: Assets/Scenary/Txt_Cubo/cubo.max
  artifactKey: Guid(80809b6062384428a9e8870d95f10649) Importer(2089858483,0ecaa5967403d082aa24f35e1b516d23)
Start importing Assets/Scenary/Txt_Cubo/cubo.max using Guid(80809b6062384428a9e8870d95f10649) Importer(2089858483,0ecaa5967403d082aa24f35e1b516d23)  -> (artifact id: '4987691e15bdfa302ad7cd51e790460a') in 0.006457 seconds
Number of updated asset objects reloaded before import = 0
Number of asset objects unloaded after import = 1
========================================================================
Received Import Request.
  Time since last request: 0.000058 seconds.
  path: Assets/TextMesh Pro/Shaders/TMP_SDF-Surface-Mobile.shader
  artifactKey: Guid(85187c2149c549c5b33f0cdb02836b17) Importer(2089858483,0ecaa5967403d082aa24f35e1b516d23)
Start importing Assets/TextMesh Pro/Shaders/TMP_SDF-Surface-Mobile.shader using Guid(85187c2149c549c5b33f0cdb02836b17) Importer(2089858483,0ecaa5967403d082aa24f35e1b516d23)  -> (artifact id: '682a6eacb67d78bdc1f40c7b63c4eb06') in 0.003692 seconds
Number of updated asset objects reloaded before import = 0
Number of asset objects unloaded after import = 1
========================================================================
Received Import Request.
  Time since last request: 0.000070 seconds.
  path: Assets/Models/Pista_1.FBX
  artifactKey: Guid(9ed08a6260600493e94d2298a6dd516c) Importer(2089858483,0ecaa5967403d082aa24f35e1b516d23)
Start importing Assets/Models/Pista_1.FBX using Guid(9ed08a6260600493e94d2298a6dd516c) Importer(2089858483,0ecaa5967403d082aa24f35e1b516d23)  -> (artifact id: '300778db1e7e098606a2ba81b8cbe0aa') in 0.019734 seconds
Number of updated asset objects reloaded before import = 0
Number of asset objects unloaded after import = 75
========================================================================
Received Import Request.
  Time since last request: 2.630640 seconds.
  path: Assets/TextMesh Pro/Shaders/TMP_Sprite.shader
  artifactKey: Guid(cf81c85f95fe47e1a27f6ae460cf182c) Importer(2089858483,0ecaa5967403d082aa24f35e1b516d23)
Start importing Assets/TextMesh Pro/Shaders/TMP_Sprite.shader using Guid(cf81c85f95fe47e1a27f6ae460cf182c) Importer(2089858483,0ecaa5967403d082aa24f35e1b516d23)  -> (artifact id: '479103ae46a6d26e78e37ad70485df36') in 0.003874 seconds
Number of updated asset objects reloaded before import = 0
Number of asset objects unloaded after import = 1
========================================================================
Received Import Request.
  Time since last request: 0.000238 seconds.
  path: Assets/TextMesh Pro/Sprites/EmojiOne.json
  artifactKey: Guid(8f05276190cf498a8153f6cbe761d4e6) Importer(2089858483,0ecaa5967403d082aa24f35e1b516d23)
Start importing Assets/TextMesh Pro/Sprites/EmojiOne.json using Guid(8f05276190cf498a8153f6cbe761d4e6) Importer(2089858483,0ecaa5967403d082aa24f35e1b516d23)  -> (artifact id: '0080064ca45ac3bb31fe99131875c3c3') in 0.002730 seconds
Number of updated asset objects reloaded before import = 0
Number of asset objects unloaded after import = 1
========================================================================
Received Import Request.
  Time since last request: 0.000251 seconds.
  path: Assets/Scenary/Txt_Cubo/B/B.png
  artifactKey: Guid(8e0a1f717b31e4f6ea12733a1c6f8262) Importer(2089858483,0ecaa5967403d082aa24f35e1b516d23)
Start importing Assets/Scenary/Txt_Cubo/B/B.png using Guid(8e0a1f717b31e4f6ea12733a1c6f8262) Importer(2089858483,0ecaa5967403d082aa24f35e1b516d23)  -> (artifact id: '25a6b560d4c383514d0158b95b6e21b7') in 0.013446 seconds
Number of updated asset objects reloaded before import = 0
Number of asset objects unloaded after import = 1
========================================================================
Received Import Request.
  Time since last request: 0.000134 seconds.
  path: Assets/Scenary/Txt_Cubo/X/AmbientOcclusionMap.png
  artifactKey: Guid(b303ef69a09e74494b36d2dcbe078d4b) Importer(2089858483,0ecaa5967403d082aa24f35e1b516d23)
Start importing Assets/Scenary/Txt_Cubo/X/AmbientOcclusionMap.png using Guid(b303ef69a09e74494b36d2dcbe078d4b) Importer(2089858483,0ecaa5967403d082aa24f35e1b516d23)  -> (artifact id: '731e2f425fed95b51d4685d6e29244fc') in 0.012583 seconds
Number of updated asset objects reloaded before import = 0
Number of asset objects unloaded after import = 1
========================================================================
Received Import Request.
  Time since last request: 0.000065 seconds.
  path: Assets/Scenary/Txt_Cubo/X/X.png
  artifactKey: Guid(333676adde0d5491782f311f6f13c3a4) Importer(2089858483,0ecaa5967403d082aa24f35e1b516d23)
Start importing Assets/Scenary/Txt_Cubo/X/X.png using Guid(333676adde0d5491782f311f6f13c3a4) Importer(2089858483,0ecaa5967403d082aa24f35e1b516d23)  -> (artifact id: '44c8ad34b52ae0e88d7ee6f38223c663') in 0.011128 seconds
Number of updated asset objects reloaded before import = 0
Number of asset objects unloaded after import = 1
========================================================================
Received Import Request.
  Time since last request: 0.000106 seconds.
  path: Assets/Scenary/Txt_Cubo/L/NormalMap (7).png
  artifactKey: Guid(acb3927c1949f4818a9400f210973979) Importer(2089858483,0ecaa5967403d082aa24f35e1b516d23)
Start importing Assets/Scenary/Txt_Cubo/L/NormalMap (7).png using Guid(acb3927c1949f4818a9400f210973979) Importer(2089858483,0ecaa5967403d082aa24f35e1b516d23)  -> (artifact id: 'c224d91fe2cffa58d625b97c883a795f') in 0.012151 seconds
Number of updated asset objects reloaded before import = 0
Number of asset objects unloaded after import = 1
========================================================================
Received Import Request.
  Time since last request: 0.000060 seconds.
  path: Assets/Scenary/Txt_Cubo/B/AmbientOcclusionMap (5).png
  artifactKey: Guid(47db1a5336bec4935a691e5eff10ca1d) Importer(2089858483,0ecaa5967403d082aa24f35e1b516d23)
Start importing Assets/Scenary/Txt_Cubo/B/AmbientOcclusionMap (5).png using Guid(47db1a5336bec4935a691e5eff10ca1d) Importer(2089858483,0ecaa5967403d082aa24f35e1b516d23)  -> (artifact id: 'ed2bf17ebd9ba9e65a73c7406b936202') in 0.011983 seconds
Number of updated asset objects reloaded before import = 0
Number of asset objects unloaded after import = 1
========================================================================
Received Import Request.
  Time since last request: 0.000093 seconds.
  path: Assets/Scenary/Txt_Cubo/G/g.png
  artifactKey: Guid(4ab4749ff42da407cb32d17fa9c5c4bb) Importer(2089858483,0ecaa5967403d082aa24f35e1b516d23)
Start importing Assets/Scenary/Txt_Cubo/G/g.png using Guid(4ab4749ff42da407cb32d17fa9c5c4bb) Importer(2089858483,0ecaa5967403d082aa24f35e1b516d23)  -> (artifact id: '281fad40b0ded72e38cd6717e448e96f') in 0.019296 seconds
Number of updated asset objects reloaded before import = 0
Number of asset objects unloaded after import = 1
========================================================================
Received Import Request.
  Time since last request: 0.000055 seconds.
  path: Assets/TextMesh Pro/Sprites/EmojiOne Attribution.txt
  artifactKey: Guid(381dcb09d5029d14897e55f98031fca5) Importer(2089858483,0ecaa5967403d082aa24f35e1b516d23)
Start importing Assets/TextMesh Pro/Sprites/EmojiOne Attribution.txt using Guid(381dcb09d5029d14897e55f98031fca5) Importer(2089858483,0ecaa5967403d082aa24f35e1b516d23)  -> (artifact id: '232d79a24ae1b8544553e8419c394d7a') in 0.003015 seconds
Number of updated asset objects reloaded before import = 0
Number of asset objects unloaded after import = 1
========================================================================
Received Import Request.
  Time since last request: 0.000493 seconds.
  path: Assets/TextMesh Pro/Resources/Fonts & Materials/LiberationSans SDF - Outline.mat
  artifactKey: Guid(79459efec17a4d00a321bdcc27bbc385) Importer(2089858483,0ecaa5967403d082aa24f35e1b516d23)
Start importing Assets/TextMesh Pro/Resources/Fonts & Materials/LiberationSans SDF - Outline.mat using Guid(79459efec17a4d00a321bdcc27bbc385) Importer(2089858483,0ecaa5967403d082aa24f35e1b516d23)  -> (artifact id: '20baa2dc483721f90283f5d9a4f21ba3') in 0.014149 seconds
Number of updated asset objects reloaded before import = 0
Number of asset objects unloaded after import = 2
========================================================================
Received Import Request.
  Time since last request: 0.000034 seconds.
  path: Assets/Scenary/Txt_Cubo/J/NormalMap (7).png
  artifactKey: Guid(e93f4e26fcf034a5cac9ddc20851080b) Importer(2089858483,0ecaa5967403d082aa24f35e1b516d23)
Start importing Assets/Scenary/Txt_Cubo/J/NormalMap (7).png using Guid(e93f4e26fcf034a5cac9ddc20851080b) Importer(2089858483,0ecaa5967403d082aa24f35e1b516d23)  -> (artifact id: '2c6cd722129f0b7f8f2b2ffab78bb7db') in 0.010616 seconds
Number of updated asset objects reloaded before import = 0
Number of asset objects unloaded after import = 1
========================================================================
Received Import Request.
  Time since last request: 0.000089 seconds.
  path: Assets/Scenary/Txt_Cubo/a/a.png
  artifactKey: Guid(fcc261a3d68c3459ebca646110a2fa1f) Importer(2089858483,0ecaa5967403d082aa24f35e1b516d23)
Start importing Assets/Scenary/Txt_Cubo/a/a.png using Guid(fcc261a3d68c3459ebca646110a2fa1f) Importer(2089858483,0ecaa5967403d082aa24f35e1b516d23)  -> (artifact id: '0d241cf6197b3c82f38e49c927db2e39') in 0.010893 seconds
Number of updated asset objects reloaded before import = 0
Number of asset objects unloaded after import = 1
========================================================================
Received Import Request.
  Time since last request: 0.000055 seconds.
  path: Assets/TextMesh Pro/Resources/Fonts & Materials/LiberationSans SDF - Fallback.asset
  artifactKey: Guid(2e498d1c8094910479dc3e1b768306a4) Importer(2089858483,0ecaa5967403d082aa24f35e1b516d23)
Start importing Assets/TextMesh Pro/Resources/Fonts & Materials/LiberationSans SDF - Fallback.asset using Guid(2e498d1c8094910479dc3e1b768306a4) Importer(2089858483,0ecaa5967403d082aa24f35e1b516d23)  -> (artifact id: 'b704cf81dc19d9596aae665b0cc58fa7') in 0.018748 seconds
Number of updated asset objects reloaded before import = 0
Number of asset objects unloaded after import = 5
========================================================================
Received Import Request.
  Time since last request: 0.000026 seconds.
  path: Assets/Scenary/Txt_Cubo/E/NormalMap (4).png
  artifactKey: Guid(9ec54d24039fd460cafe05af7dc12319) Importer(2089858483,0ecaa5967403d082aa24f35e1b516d23)
Start importing Assets/Scenary/Txt_Cubo/E/NormalMap (4).png using Guid(9ec54d24039fd460cafe05af7dc12319) Importer(2089858483,0ecaa5967403d082aa24f35e1b516d23)  -> (artifact id: '07008b47fe76ada91346684868d5a2c7') in 0.010326 seconds
Number of updated asset objects reloaded before import = 0
Number of asset objects unloaded after import = 1
========================================================================
Received Import Request.
  Time since last request: 0.000075 seconds.
  path: Assets/Scenary/Txt_Cubo/G/AmbientOcclusionMap (7).png
  artifactKey: Guid(729c6bcd024a8417fae33c07ca9fcdf0) Importer(2089858483,0ecaa5967403d082aa24f35e1b516d23)
Start importing Assets/Scenary/Txt_Cubo/G/AmbientOcclusionMap (7).png using Guid(729c6bcd024a8417fae33c07ca9fcdf0) Importer(2089858483,0ecaa5967403d082aa24f35e1b516d23)  -> (artifact id: '6233d5b2d9f1446f514d410adc16d9b9') in 0.010185 seconds
Number of updated asset objects reloaded before import = 0
Number of asset objects unloaded after import = 1
========================================================================
Received Import Request.
  Time since last request: 0.000109 seconds.
  path: Assets/TextMesh Pro/Resources/Sprite Assets/EmojiOne.asset
  artifactKey: Guid(c41005c129ba4d66911b75229fd70b45) Importer(2089858483,0ecaa5967403d082aa24f35e1b516d23)
Start importing Assets/TextMesh Pro/Resources/Sprite Assets/EmojiOne.asset using Guid(c41005c129ba4d66911b75229fd70b45) Importer(2089858483,0ecaa5967403d082aa24f35e1b516d23)  -> (artifact id: '591af207a8674b50633810cdd83ae464') in 0.005070 seconds
Number of updated asset objects reloaded before import = 0
Number of asset objects unloaded after import = 3
========================================================================
Received Import Request.
  Time since last request: 0.000079 seconds.
  path: Assets/Scenary/Txt_Cubo/O/AmbientOcclusionMap (7).png
  artifactKey: Guid(3045b3764ad5d4596b64153816329ef1) Importer(2089858483,0ecaa5967403d082aa24f35e1b516d23)
Start importing Assets/Scenary/Txt_Cubo/O/AmbientOcclusionMap (7).png using Guid(3045b3764ad5d4596b64153816329ef1) Importer(2089858483,0ecaa5967403d082aa24f35e1b516d23)  -> (artifact id: 'dbfda5a116dd5e1eb1815a0699d73fdb') in 0.011699 seconds
Number of updated asset objects reloaded before import = 0
Number of asset objects unloaded after import = 1
========================================================================
Received Import Request.
  Time since last request: 0.000084 seconds.
  path: Assets/Scenary/Txt_Cubo/I/NormalMap (7).png
  artifactKey: Guid(f109a6b1fcd1c40fda07c4c4131fe292) Importer(2089858483,0ecaa5967403d082aa24f35e1b516d23)
Start importing Assets/Scenary/Txt_Cubo/I/NormalMap (7).png using Guid(f109a6b1fcd1c40fda07c4c4131fe292) Importer(2089858483,0ecaa5967403d082aa24f35e1b516d23)  -> (artifact id: 'd53d6c03c5a6cee0cf4b611a507d4a1c') in 0.010240 seconds
Number of updated asset objects reloaded before import = 0
Number of asset objects unloaded after import = 1
========================================================================
Received Import Request.
  Time since last request: 0.000134 seconds.
  path: Assets/Scenary/Txt_Cubo/H/h.png
  artifactKey: Guid(c59ae6daf9b964f6094d35ece4742483) Importer(2089858483,0ecaa5967403d082aa24f35e1b516d23)
Start importing Assets/Scenary/Txt_Cubo/H/h.png using Guid(c59ae6daf9b964f6094d35ece4742483) Importer(2089858483,0ecaa5967403d082aa24f35e1b516d23)  -> (artifact id: '898d4a22414a4fb6e37c118371a85e45') in 0.010792 seconds
Number of updated asset objects reloaded before import = 0
Number of asset objects unloaded after import = 1
========================================================================
Received Import Request.
  Time since last request: 0.000079 seconds.
  path: Assets/Scenary/Txt_Cubo/X/NormalMap (6).png
  artifactKey: Guid(c04b8ceaa8c1a45fd89d00b6ac90b5e6) Importer(2089858483,0ecaa5967403d082aa24f35e1b516d23)
Start importing Assets/Scenary/Txt_Cubo/X/NormalMap (6).png using Guid(c04b8ceaa8c1a45fd89d00b6ac90b5e6) Importer(2089858483,0ecaa5967403d082aa24f35e1b516d23)  -> (artifact id: '72c991acdfed46086e4ce13dba6f0492') in 0.010237 seconds
Number of updated asset objects reloaded before import = 0
Number of asset objects unloaded after import = 1
Editor requested this worker to shutdown with reason: Scaling down because of idle timeout
TcpMessagingSession - receive error: operation aborted. errorcode: 89, details: Operation aborted.
AssetImportWorker is now disconnected from the server
Process exiting
