Using pre-set license
Built from '2022.3/release' branch; Version is '2022.3.5f1 (9674261d40ee) revision 9860134'; Using compiler version '192829333'; Build Type 'Release'
OS: 'Windows 11  (10.0.22631) 64bit Professional' Language: 'es' Physical Memory: 16156 MB
BatchMode: 1, IsHumanControllingUs: 0, StartBugReporterOnCrash: 0, Is64bit: 1, IsPro: 1

COMMAND LINE ARGUMENTS:
C:\Program Files\Unity\Hub\Editor\2022.3.5f1\Editor\Unity.exe
-adb2
-batchMode
-noUpm
-name
AssetImportWorker2
-projectPath
C:/Users/alex2/Desktop/CarGame/CarGameProject
-logFile
Logs/AssetImportWorker2.log
-srvPort
51034
Successfully changed project path to: C:/Users/alex2/Desktop/CarGame/CarGameProject
C:/Users/alex2/Desktop/CarGame/CarGameProject
[UnityMemory] Configuration Parameters - Can be set up in boot.config
    "memorysetup-bucket-allocator-granularity=16"
    "memorysetup-bucket-allocator-bucket-count=8"
    "memorysetup-bucket-allocator-block-size=33554432"
    "memorysetup-bucket-allocator-block-count=8"
    "memorysetup-main-allocator-block-size=16777216"
    "memorysetup-thread-allocator-block-size=16777216"
    "memorysetup-gfx-main-allocator-block-size=16777216"
    "memorysetup-gfx-thread-allocator-block-size=16777216"
    "memorysetup-cache-allocator-block-size=4194304"
    "memorysetup-typetree-allocator-block-size=2097152"
    "memorysetup-profiler-bucket-allocator-granularity=16"
    "memorysetup-profiler-bucket-allocator-bucket-count=8"
    "memorysetup-profiler-bucket-allocator-block-size=33554432"
    "memorysetup-profiler-bucket-allocator-block-count=8"
    "memorysetup-profiler-allocator-block-size=16777216"
    "memorysetup-profiler-editor-allocator-block-size=1048576"
    "memorysetup-temp-allocator-size-main=16777216"
    "memorysetup-job-temp-allocator-block-size=2097152"
    "memorysetup-job-temp-allocator-block-size-background=1048576"
    "memorysetup-job-temp-allocator-reduction-small-platforms=262144"
    "memorysetup-allocator-temp-initial-block-size-main=262144"
    "memorysetup-allocator-temp-initial-block-size-worker=262144"
    "memorysetup-temp-allocator-size-background-worker=32768"
    "memorysetup-temp-allocator-size-job-worker=262144"
    "memorysetup-temp-allocator-size-preload-manager=33554432"
    "memorysetup-temp-allocator-size-nav-mesh-worker=65536"
    "memorysetup-temp-allocator-size-audio-worker=65536"
    "memorysetup-temp-allocator-size-cloud-worker=32768"
    "memorysetup-temp-allocator-size-gi-baking-worker=262144"
    "memorysetup-temp-allocator-size-gfx=262144"
Player connection [25112] Host "[IP] 192.168.1.45 [Port] 0 [Flags] 2 [Guid] 2807780425 [EditorId] 2807780425 [Version] 1048832 [Id] WindowsEditor(7,DESKTOP-O14K76N) [Debug] 1 [PackageName] WindowsEditor [ProjectName] Editor" joined multi-casting on [225.0.0.222:54997]...

Player connection [25112] Host "[IP] 192.168.1.45 [Port] 0 [Flags] 2 [Guid] 2807780425 [EditorId] 2807780425 [Version] 1048832 [Id] WindowsEditor(7,DESKTOP-O14K76N) [Debug] 1 [PackageName] WindowsEditor [ProjectName] Editor" joined alternative multi-casting on [225.0.0.222:34997]...

Refreshing native plugins compatible for Editor in 37.74 ms, found 3 plugins.
Preloading 0 native plugins for Editor in 0.00 ms.
Initialize engine version: 2022.3.5f1 (9674261d40ee)
[Subsystems] Discovering subsystems at path C:/Program Files/Unity/Hub/Editor/2022.3.5f1/Editor/Data/Resources/UnitySubsystems
[Subsystems] Discovering subsystems at path C:/Users/alex2/Desktop/CarGame/CarGameProject/Assets
GfxDevice: creating device client; threaded=0; jobified=0
Direct3D:
    Version:  Direct3D 11.0 [level 11.1]
    Renderer: NVIDIA GeForce RTX 2070 with Max-Q Design (ID=0x1f14)
    Vendor:   NVIDIA
    VRAM:     8019 MB
    Driver:   31.0.15.2919
Initialize mono
Mono path[0] = 'C:/Program Files/Unity/Hub/Editor/2022.3.5f1/Editor/Data/Managed'
Mono path[1] = 'C:/Program Files/Unity/Hub/Editor/2022.3.5f1/Editor/Data/MonoBleedingEdge/lib/mono/unityjit-win32'
Mono config path = 'C:/Program Files/Unity/Hub/Editor/2022.3.5f1/Editor/Data/MonoBleedingEdge/etc'
Using monoOptions --debugger-agent=transport=dt_socket,embedding=1,server=y,suspend=n,address=127.0.0.1:56992
Begin MonoManager ReloadAssembly
Registering precompiled unity dll's ...
Register platform support module: C:/Program Files/Unity/Hub/Editor/2022.3.5f1/Editor/Data/PlaybackEngines/WindowsStandaloneSupport/UnityEditor.WindowsStandalone.Extensions.dll
Registered in 0.012960 seconds.
- Loaded All Assemblies, in  0.647 seconds
Native extension for WindowsStandalone target not found
Mono: successfully reloaded assembly
- Finished resetting the current domain, in  0.365 seconds
Domain Reload Profiling: 1008ms
	BeginReloadAssembly (225ms)
		ExecutionOrderSort (0ms)
		DisableScriptedObjects (0ms)
		BackupInstance (0ms)
		ReleaseScriptingObjects (0ms)
		CreateAndSetChildDomain (1ms)
	RebuildCommonClasses (65ms)
	RebuildNativeTypeToScriptingClass (17ms)
	initialDomainReloadingComplete (106ms)
	LoadAllAssembliesAndSetupDomain (229ms)
		LoadAssemblies (222ms)
		RebuildTransferFunctionScriptingTraits (0ms)
		AnalyzeDomain (216ms)
			TypeCache.Refresh (215ms)
				TypeCache.ScanAssembly (195ms)
			ScanForSourceGeneratedMonoScriptInfo (0ms)
			ResolveRequiredComponents (0ms)
	FinalizeReload (366ms)
		ReleaseScriptCaches (0ms)
		RebuildScriptCaches (0ms)
		SetupLoadedEditorAssemblies (272ms)
			LogAssemblyErrors (0ms)
			InitializePlatformSupportModulesInManaged (10ms)
			SetLoadedEditorAssemblies (10ms)
			RefreshPlugins (0ms)
			BeforeProcessingInitializeOnLoad (3ms)
			ProcessInitializeOnLoadAttributes (186ms)
			ProcessInitializeOnLoadMethodAttributes (64ms)
			AfterProcessingInitializeOnLoad (0ms)
			EditorAssembliesLoaded (0ms)
		ExecutionOrderSort2 (0ms)
		AwakeInstancesAfterBackupRestoration (0ms)
========================================================================
Worker process is ready to serve import requests
Begin MonoManager ReloadAssembly
Symbol file LoadedFromMemory doesn't match image C:\Users\alex2\Desktop\CarGame\CarGameProject\Library\PackageCache\com.unity.visualscripting@1.8.0\Editor\VisualScripting.Core\Dependencies\YamlDotNet\Unity.VisualScripting.YamlDotNet.dll
Symbol file LoadedFromMemory doesn't match image C:\Users\alex2\Desktop\CarGame\CarGameProject\Library\PackageCache\com.unity.visualscripting@1.8.0\Editor\VisualScripting.Core\Dependencies\DotNetZip\Unity.VisualScripting.IonicZip.dll
- Loaded All Assemblies, in  1.060 seconds
Refreshing native plugins compatible for Editor in 6.95 ms, found 3 plugins.
Native extension for WindowsStandalone target not found
Package Manager log level set to [2]
[Package Manager] Server::EnsureServerProcessIsRunning -- launch failed, reason: Unity was launched with the -noUpm command-line argument
[Package Manager] UpmClient::Send -- Unable to send message (not connected to UPM process).
[Package Manager] Cannot connect to Unity Package Manager local server
Mono: successfully reloaded assembly
- Finished resetting the current domain, in  0.716 seconds
Domain Reload Profiling: 1772ms
	BeginReloadAssembly (196ms)
		ExecutionOrderSort (0ms)
		DisableScriptedObjects (6ms)
		BackupInstance (0ms)
		ReleaseScriptingObjects (0ms)
		CreateAndSetChildDomain (28ms)
	RebuildCommonClasses (48ms)
	RebuildNativeTypeToScriptingClass (14ms)
	initialDomainReloadingComplete (64ms)
	LoadAllAssembliesAndSetupDomain (734ms)
		LoadAssemblies (415ms)
		RebuildTransferFunctionScriptingTraits (0ms)
		AnalyzeDomain (418ms)
			TypeCache.Refresh (397ms)
				TypeCache.ScanAssembly (378ms)
			ScanForSourceGeneratedMonoScriptInfo (16ms)
			ResolveRequiredComponents (4ms)
	FinalizeReload (717ms)
		ReleaseScriptCaches (0ms)
		RebuildScriptCaches (0ms)
		SetupLoadedEditorAssemblies (515ms)
			LogAssemblyErrors (0ms)
			InitializePlatformSupportModulesInManaged (7ms)
			SetLoadedEditorAssemblies (6ms)
			RefreshPlugins (0ms)
			BeforeProcessingInitializeOnLoad (74ms)
			ProcessInitializeOnLoadAttributes (387ms)
			ProcessInitializeOnLoadMethodAttributes (31ms)
			AfterProcessingInitializeOnLoad (10ms)
			EditorAssembliesLoaded (0ms)
		ExecutionOrderSort2 (0ms)
		AwakeInstancesAfterBackupRestoration (8ms)
Launched and connected shader compiler UnityShaderCompiler.exe after 0.08 seconds
Refreshing native plugins compatible for Editor in 6.21 ms, found 3 plugins.
Preloading 0 native plugins for Editor in 0.00 ms.
Unloading 3087 Unused Serialized files (Serialized files now loaded: 0)
Unloading 31 unused Assets / (56.3 KB). Loaded Objects now: 3553.
Memory consumption went from 117.4 MB to 117.3 MB.
Total: 7.091700 ms (FindLiveObjects: 0.885600 ms CreateObjectMapping: 0.432900 ms MarkObjects: 5.588800 ms  DeleteObjects: 0.179900 ms)

AssetImportParameters requested are different than current active one (requested -> active):
  custom:container-demuxer-ogg: 62fdf1f143b41e24485cea50d1cbac27 -> 
  custom:video-decoder-ogg-theora: a1e56fd34408186e4bbccfd4996cb3dc -> 
  custom:framework-win-MediaFoundation: 216162199b28c13a410421893ffa2e32 -> 
  custom:container-demuxer-webm: 4f35f7cbe854078d1ac9338744f61a02 -> 
  custom:container-muxer-webm: aa71ff27fc2769a1b78a27578f13a17b -> 
  custom:video-decoder-webm-vp8: 9c59270c3fd7afecdb556c50c9e8de78 -> 
  custom:AudioImporter_EditorPlatform: d09bf68614088b80899f8185d706f6e7 -> 
  custom:video-encoder-webm-vp8: eb34c28f22e8b96e1ab97ce403110664 -> 
  custom:audio-decoder-ogg-vorbis: bf7c407c2cedff20999df2af8eb42d56 -> 
  custom:audio-encoder-webm-vorbis: bf7c407c2cedff20999df2af8eb42d56 -> 
========================================================================
Received Import Request.
  Time since last request: 798342.273402 seconds.
  path: Assets/Textures/Sofa.mat
  artifactKey: Guid(3dd9c60b8e4e78d4cb125969e162f160) Importer(815301076,1909f56bfc062723c751e8b465ee728b)
Start importing Assets/Textures/Sofa.mat using Guid(3dd9c60b8e4e78d4cb125969e162f160) Importer(815301076,1909f56bfc062723c751e8b465ee728b)  -> (artifact id: '9acb3942f49de3ec7432daaec061f7bd') in 0.180796 seconds
Number of updated asset objects reloaded before import = 0
Number of asset objects unloaded after import = 2
========================================================================
Received Import Request.
  Time since last request: 0.000056 seconds.
  path: Assets/Textures/lampara.mat
  artifactKey: Guid(2d1a744421d4e0f46aa2d9c6fedc7981) Importer(815301076,1909f56bfc062723c751e8b465ee728b)
Start importing Assets/Textures/lampara.mat using Guid(2d1a744421d4e0f46aa2d9c6fedc7981) Importer(815301076,1909f56bfc062723c751e8b465ee728b)  -> (artifact id: '9ad277e208c12c1865b451171e9e2d72') in 0.032547 seconds
Number of updated asset objects reloaded before import = 0
Number of asset objects unloaded after import = 2
========================================================================
Received Prepare
Refreshing native plugins compatible for Editor in 5.69 ms, found 3 plugins.
Preloading 0 native plugins for Editor in 0.00 ms.
Unloading 0 Unused Serialized files (Serialized files now loaded: 0)
Unloading 1 unused Assets / (0.8 KB). Loaded Objects now: 3595.
Memory consumption went from 73.2 MB to 73.2 MB.
Total: 3.821200 ms (FindLiveObjects: 0.264600 ms CreateObjectMapping: 0.252400 ms MarkObjects: 3.281100 ms  DeleteObjects: 0.021900 ms)

Prepare: number of updated asset objects reloaded= 0
AssetImportParameters requested are different than current active one (requested -> active):
  custom:container-demuxer-ogg: 62fdf1f143b41e24485cea50d1cbac27 -> 
  custom:video-decoder-ogg-theora: a1e56fd34408186e4bbccfd4996cb3dc -> 
  custom:framework-win-MediaFoundation: 216162199b28c13a410421893ffa2e32 -> 
  custom:CustomObjectIndexerAttribute: 756ad292c208cfabdd7b50bc23989ffe -> 
  custom:container-demuxer-webm: 4f35f7cbe854078d1ac9338744f61a02 -> 
  custom:container-muxer-webm: aa71ff27fc2769a1b78a27578f13a17b -> 
  custom:video-decoder-webm-vp8: 9c59270c3fd7afecdb556c50c9e8de78 -> 
  custom:AudioImporter_EditorPlatform: d09bf68614088b80899f8185d706f6e7 -> 
  custom:video-encoder-webm-vp8: eb34c28f22e8b96e1ab97ce403110664 -> 
  custom:audio-decoder-ogg-vorbis: bf7c407c2cedff20999df2af8eb42d56 -> 
  custom:audio-encoder-webm-vorbis: bf7c407c2cedff20999df2af8eb42d56 -> 
========================================================================
Received Import Request.
  Time since last request: 185.628756 seconds.
  path: Assets/Textures/sm_cono.FBX
  artifactKey: Guid(a014296ceee81314099645bf33903fa4) Importer(815301076,1909f56bfc062723c751e8b465ee728b)
Start importing Assets/Textures/sm_cono.FBX using Guid(a014296ceee81314099645bf33903fa4) Importer(815301076,1909f56bfc062723c751e8b465ee728b)  -> (artifact id: 'e31c722f5f9777a5b9f3754c2e102a70') in 0.066039 seconds
Number of updated asset objects reloaded before import = 0
Number of asset objects unloaded after import = 7
========================================================================
Received Import Request.
  Time since last request: 10.190400 seconds.
  path: Assets/Materials/New Material.mat
  artifactKey: Guid(b7ed5889f06bb7c44a931e9cd73c2ea6) Importer(815301076,1909f56bfc062723c751e8b465ee728b)
Start importing Assets/Materials/New Material.mat using Guid(b7ed5889f06bb7c44a931e9cd73c2ea6) Importer(815301076,1909f56bfc062723c751e8b465ee728b)  -> (artifact id: '025ae39d234f59252581b7d58edb7ff4') in 0.018577 seconds
Number of updated asset objects reloaded before import = 0
Number of asset objects unloaded after import = 1
========================================================================
Received Import Request.
  Time since last request: 129.133343 seconds.
  path: Assets/Textures/Material _2_BC_Op.png
  artifactKey: Guid(a943957bf1b494746868abe8a15fdf19) Importer(815301076,1909f56bfc062723c751e8b465ee728b)
Start importing Assets/Textures/Material _2_BC_Op.png using Guid(a943957bf1b494746868abe8a15fdf19) Importer(815301076,1909f56bfc062723c751e8b465ee728b)  -> (artifact id: '369ac28890efc0a85649978ff370abd0') in 0.037036 seconds
Number of updated asset objects reloaded before import = 0
Number of asset objects unloaded after import = 2
========================================================================
Received Import Request.
  Time since last request: 36.746267 seconds.
  path: Assets/Textures/SM_Pista.FBX
  artifactKey: Guid(683b24462ea579640b655cd2f71310bb) Importer(815301076,1909f56bfc062723c751e8b465ee728b)
Start importing Assets/Textures/SM_Pista.FBX using Guid(683b24462ea579640b655cd2f71310bb) Importer(815301076,1909f56bfc062723c751e8b465ee728b)  -> (artifact id: '379cc6db1d058a2299efe7bc93a9fe27') in 2.320796 seconds
Number of updated asset objects reloaded before import = 0
Number of asset objects unloaded after import = 1430
========================================================================
Received Import Request.
  Time since last request: 2380.207714 seconds.
  path: Assets/Textures/New Material 2.mat
  artifactKey: Guid(7b6ed258b2754244b9819fc434170bd6) Importer(815301076,1909f56bfc062723c751e8b465ee728b)
Start importing Assets/Textures/New Material 2.mat using Guid(7b6ed258b2754244b9819fc434170bd6) Importer(815301076,1909f56bfc062723c751e8b465ee728b)  -> (artifact id: '34535c4d7a22537b77c4cdafa529b32f') in 0.026309 seconds
Number of updated asset objects reloaded before import = 0
Number of asset objects unloaded after import = 1
========================================================================
Received Import Request.
  Time since last request: 27.981410 seconds.
  path: Assets/Textures/New Material 3.mat
  artifactKey: Guid(6f6b143b813055c49a284d377b3e7a25) Importer(815301076,1909f56bfc062723c751e8b465ee728b)
Start importing Assets/Textures/New Material 3.mat using Guid(6f6b143b813055c49a284d377b3e7a25) Importer(815301076,1909f56bfc062723c751e8b465ee728b)  -> (artifact id: '872eae15d0ea82f5fee3e7f575cbb56c') in 0.019052 seconds
Number of updated asset objects reloaded before import = 0
Number of asset objects unloaded after import = 1
========================================================================
Received Import Request.
  Time since last request: 28.107808 seconds.
  path: Assets/Textures/New Material 4.mat
  artifactKey: Guid(e51e82b7a4870c244b96f324daae6d58) Importer(815301076,1909f56bfc062723c751e8b465ee728b)
Start importing Assets/Textures/New Material 4.mat using Guid(e51e82b7a4870c244b96f324daae6d58) Importer(815301076,1909f56bfc062723c751e8b465ee728b)  -> (artifact id: '1bd1cadbed64be595b57f7a5314a5a1a') in 0.018075 seconds
Number of updated asset objects reloaded before import = 0
Number of asset objects unloaded after import = 1
========================================================================
Received Import Request.
  Time since last request: 56.578667 seconds.
  path: Assets/Textures/New Material 2.mat
  artifactKey: Guid(7b6ed258b2754244b9819fc434170bd6) Importer(815301076,1909f56bfc062723c751e8b465ee728b)
Start importing Assets/Textures/New Material 2.mat using Guid(7b6ed258b2754244b9819fc434170bd6) Importer(815301076,1909f56bfc062723c751e8b465ee728b)  -> (artifact id: '22a551997affbb657464bbc8a2c668ec') in 0.025544 seconds
Number of updated asset objects reloaded before import = 0
Number of asset objects unloaded after import = 1
========================================================================
Received Import Request.
  Time since last request: 0.000026 seconds.
  path: Assets/Textures/New Material 4.mat
  artifactKey: Guid(e51e82b7a4870c244b96f324daae6d58) Importer(815301076,1909f56bfc062723c751e8b465ee728b)
Start importing Assets/Textures/New Material 4.mat using Guid(e51e82b7a4870c244b96f324daae6d58) Importer(815301076,1909f56bfc062723c751e8b465ee728b)  -> (artifact id: 'd01565a642f4b44eca7e3386b7c9379a') in 0.031504 seconds
Number of updated asset objects reloaded before import = 0
Number of asset objects unloaded after import = 1
========================================================================
Received Import Request.
  Time since last request: 0.000022 seconds.
  path: Assets/Textures/pista.mat
  artifactKey: Guid(3df9b7787e8c0bd4d98e1493b02c4f08) Importer(815301076,1909f56bfc062723c751e8b465ee728b)
Start importing Assets/Textures/pista.mat using Guid(3df9b7787e8c0bd4d98e1493b02c4f08) Importer(815301076,1909f56bfc062723c751e8b465ee728b)  -> (artifact id: '8696826e28119029c8e71c7f9a62c1b6') in 0.020964 seconds
Number of updated asset objects reloaded before import = 0
Number of asset objects unloaded after import = 2
========================================================================
Received Import Request.
  Time since last request: 24.523533 seconds.
  path: Assets/Materials/Material _2_BC_Op.mat
  artifactKey: Guid(6f967109652e03a4c865557351886567) Importer(815301076,1909f56bfc062723c751e8b465ee728b)
Start importing Assets/Materials/Material _2_BC_Op.mat using Guid(6f967109652e03a4c865557351886567) Importer(815301076,1909f56bfc062723c751e8b465ee728b)  -> (artifact id: '49d44b6e5d18e74fde93982a5e4079e1') in 0.025952 seconds
Number of updated asset objects reloaded before import = 0
Number of asset objects unloaded after import = 2
========================================================================
Received Import Request.
  Time since last request: 168.642621 seconds.
  path: Assets/Materials/New Material 5.mat
  artifactKey: Guid(be9b50681b579f245bfa5f1f26c3f682) Importer(815301076,1909f56bfc062723c751e8b465ee728b)
Start importing Assets/Materials/New Material 5.mat using Guid(be9b50681b579f245bfa5f1f26c3f682) Importer(815301076,1909f56bfc062723c751e8b465ee728b)  -> (artifact id: '6806a4436bb01c9e104237b31599cf25') in 0.021269 seconds
Number of updated asset objects reloaded before import = 0
Number of asset objects unloaded after import = 1
========================================================================
Received Import Request.
  Time since last request: 12.808089 seconds.
  path: Assets/Materials/New Material 6.mat
  artifactKey: Guid(6fb18d6bb6662594699966920e5b0f03) Importer(815301076,1909f56bfc062723c751e8b465ee728b)
Start importing Assets/Materials/New Material 6.mat using Guid(6fb18d6bb6662594699966920e5b0f03) Importer(815301076,1909f56bfc062723c751e8b465ee728b)  -> (artifact id: 'acf9a79ede37ee507c5500e23bc6dcf6') in 0.013981 seconds
Number of updated asset objects reloaded before import = 0
Number of asset objects unloaded after import = 1
========================================================================
Received Import Request.
  Time since last request: 274.352342 seconds.
  path: Assets/Textures/DefaultMaterial_BC_Op.png
  artifactKey: Guid(d50987b74d2db7148baa9080c7d028cb) Importer(815301076,1909f56bfc062723c751e8b465ee728b)
Start importing Assets/Textures/DefaultMaterial_BC_Op.png using Guid(d50987b74d2db7148baa9080c7d028cb) Importer(815301076,1909f56bfc062723c751e8b465ee728b)  -> (artifact id: 'd6eaba46c9f968545917645d77306bfa') in 0.025498 seconds
Number of updated asset objects reloaded before import = 0
Number of asset objects unloaded after import = 2
========================================================================
Received Import Request.
  Time since last request: 12.504660 seconds.
  path: Assets/Materials/New Material 7.mat
  artifactKey: Guid(2c287c31038d1a040b7d057d7b0ea6f4) Importer(815301076,1909f56bfc062723c751e8b465ee728b)
Start importing Assets/Materials/New Material 7.mat using Guid(2c287c31038d1a040b7d057d7b0ea6f4) Importer(815301076,1909f56bfc062723c751e8b465ee728b)  -> (artifact id: '4c5156b99292b3688e4bc0fc8abcd25d') in 0.015986 seconds
Number of updated asset objects reloaded before import = 0
Number of asset objects unloaded after import = 1
========================================================================
Received Import Request.
  Time since last request: 93.609678 seconds.
  path: Assets/Materials/DefaultMaterial_BC_Op 1.png
  artifactKey: Guid(bbc2185f37662f440b7b0ac2b5994e13) Importer(815301076,1909f56bfc062723c751e8b465ee728b)
Start importing Assets/Materials/DefaultMaterial_BC_Op 1.png using Guid(bbc2185f37662f440b7b0ac2b5994e13) Importer(815301076,1909f56bfc062723c751e8b465ee728b)  -> (artifact id: 'd935e22b05857c42cd681c083fe580ff') in 0.021978 seconds
Number of updated asset objects reloaded before import = 0
Number of asset objects unloaded after import = 2
========================================================================
Received Import Request.
  Time since last request: 5.143909 seconds.
  path: Assets/Materials/New Material 8.mat
  artifactKey: Guid(32f2ef1df47c11b43a6b594ead7fbe57) Importer(815301076,1909f56bfc062723c751e8b465ee728b)
Start importing Assets/Materials/New Material 8.mat using Guid(32f2ef1df47c11b43a6b594ead7fbe57) Importer(815301076,1909f56bfc062723c751e8b465ee728b)  -> (artifact id: 'fe6f67236322a3659361e37f98ddf7a0') in 0.018632 seconds
Number of updated asset objects reloaded before import = 0
Number of asset objects unloaded after import = 1
========================================================================
Received Import Request.
  Time since last request: 175.399480 seconds.
  path: Assets/Materials/New Material 2.mat
  artifactKey: Guid(7b6ed258b2754244b9819fc434170bd6) Importer(815301076,1909f56bfc062723c751e8b465ee728b)
Start importing Assets/Materials/New Material 2.mat using Guid(7b6ed258b2754244b9819fc434170bd6) Importer(815301076,1909f56bfc062723c751e8b465ee728b)  -> (artifact id: 'a0ad24aa802eeb4541ed62d06e70fd8f') in 0.023064 seconds
Number of updated asset objects reloaded before import = 0
Number of asset objects unloaded after import = 1
========================================================================
Received Import Request.
  Time since last request: 0.000023 seconds.
  path: Assets/Materials/New Material 7.mat
  artifactKey: Guid(2c287c31038d1a040b7d057d7b0ea6f4) Importer(815301076,1909f56bfc062723c751e8b465ee728b)
Start importing Assets/Materials/New Material 7.mat using Guid(2c287c31038d1a040b7d057d7b0ea6f4) Importer(815301076,1909f56bfc062723c751e8b465ee728b)  -> (artifact id: 'b35fa8478445201c96170daf344d587a') in 0.026065 seconds
Number of updated asset objects reloaded before import = 0
Number of asset objects unloaded after import = 2
